SkillHub.exe: 00001918: 01:10:46 []:>--------------------------------------------------------------<
SkillHub.exe: 00001918: 01:10:47 [TUniServerModule]:Server First Init.
SkillHub.exe: 00001918: 01:10:47 [TUniServerModule]:Start Path = C:\Desenvolvimento\DelphiFullStack_1_0\SkillHub\Frontend-WebUnigui\assets\
SkillHub.exe: 00001918: 01:10:47 [TUniServerModule]:Debug Mode = ON
SkillHub.exe: 00001918: 01:10:47 [TUniGUISessionManager]:Cache erase job created, Folder count: [1]
SkillHub.exe: 00001918: 01:10:50 [TUniServerModule]:Starting HTTP Server on Port: 8077...
SkillHub.exe: 00001918: 01:10:52 [TUniServerModule]:HTTP Server Started on Port: 8077
SkillHub.exe: 00002D8C: 01:11:56 [127.0.0.1]:EUniSessionException : Invalid session or session Timeout. (Session not found: 1cVtsPWj9O10E6577E4 ) : Addr: $00CC37A1
SkillHub.exe: 00002CE0: 01:15:29 []:>--------------------------------------------------------------<
SkillHub.exe: 00002CE0: 01:15:29 [TUniServerModule]:Server First Init.
SkillHub.exe: 00002CE0: 01:15:29 [TUniServerModule]:Start Path = C:\Desenvolvimento\DelphiFullStack_1_0\SkillHub\Frontend-WebUnigui\assets\
SkillHub.exe: 00002CE0: 01:15:29 [TUniServerModule]:Debug Mode = ON
SkillHub.exe: 00002CE0: 01:15:29 [TUniGUISessionManager]:Cache erase job created, Folder count: [1]
SkillHub.exe: 00002CE0: 01:15:30 [TUniServerModule]:Starting HTTP Server on Port: 8077...
SkillHub.exe: 00002CE0: 01:15:30 [TUniServerModule]:HTTP Server Started on Port: 8077
SkillHub.exe: 00002F98: 01:15:38 [127.0.0.1]:EUniSessionException : Invalid session or session Timeout. (Session not found: 2Okgpkhgrl10E6592A4 ) : Addr: $012237A1
SkillHub.exe: 000028F8: 01:20:38 []:>--------------------------------------------------------------<
SkillHub.exe: 000028F8: 01:20:38 [TUniServerModule]:Server First Init.
SkillHub.exe: 000028F8: 01:20:38 [TUniServerModule]:Start Path = C:\Desenvolvimento\DelphiFullStack_1_0\SkillHub\Frontend-WebUnigui\assets\
SkillHub.exe: 000028F8: 01:20:38 [TUniServerModule]:Debug Mode = ON
SkillHub.exe: 000028F8: 01:20:38 [TUniGUISessionManager]:Cache erase job created, Folder count: [1]
SkillHub.exe: 000028F8: 01:20:38 [TUniServerModule]:Starting HTTP Server on Port: 8077...
SkillHub.exe: 000028F8: 01:20:38 [TUniServerModule]:HTTP Server Started on Port: 8077
SkillHub.exe: 00001174: 01:31:36 [127.0.0.1]:EUniSessionException : Invalid session or session Timeout. (Session not found: USiL68PuXV10E6593D1 ) : Addr: $012B37A1
SkillHub.exe: 00001DB8: 01:34:16 []:>--------------------------------------------------------------<
SkillHub.exe: 00001DB8: 01:34:16 [TUniServerModule]:Server First Init.
SkillHub.exe: 00001DB8: 01:34:16 [TUniServerModule]:Start Path = C:\Desenvolvimento\DelphiFullStack_1_0\SkillHub\Frontend-WebUnigui\assets\
SkillHub.exe: 00001DB8: 01:34:16 [TUniServerModule]:Debug Mode = ON
SkillHub.exe: 00001DB8: 01:34:16 [TUniGUISessionManager]:Cache erase job created, Folder count: [1]
SkillHub.exe: 00001DB8: 01:34:17 [TUniServerModule]:Starting HTTP Server on Port: 8077...
SkillHub.exe: 00001DB8: 01:34:17 [TUniServerModule]:HTTP Server Started on Port: 8077
SkillHub.exe: 000011E0: 01:36:31 [127.0.0.1]:EUniSessionException : Invalid session or session Timeout. (Session not found: MmECv9ZZ8v10E6597FC ) : Addr: $00CD37A1
SkillHub.exe: 000019D4: 01:46:25 []:>--------------------------------------------------------------<
SkillHub.exe: 000019D4: 01:46:25 [TUniServerModule]:Server First Init.
SkillHub.exe: 000019D4: 01:46:25 [TUniServerModule]:Start Path = C:\Desenvolvimento\DelphiFullStack_1_0\SkillHub\Frontend-WebUnigui\assets\
SkillHub.exe: 000019D4: 01:46:25 [TUniServerModule]:Debug Mode = ON
SkillHub.exe: 000019D4: 01:46:25 [TUniGUISessionManager]:Cache erase job created, Folder count: [1]
SkillHub.exe: 000019D4: 01:46:25 [TUniServerModule]:Starting HTTP Server on Port: 8077...
SkillHub.exe: 000019D4: 01:46:25 [TUniServerModule]:HTTP Server Started on Port: 8077
SkillHub.exe: 00002330: 01:46:52 [127.0.0.1]:EUniSessionException : Invalid session or session Timeout. (Session not found: MVEBciZzqW10E65995B ) : Addr: $00B837A1
SkillHub.exe: 00002A5C: 01:47:02 [127.0.0.1]:Exception : Informar o E-mail do usuário para logar! : Addr: $00F60F30
SkillHub.exe: 000009B8: 01:48:44 []:>--------------------------------------------------------------<
SkillHub.exe: 000009B8: 01:48:44 [TUniServerModule]:Server First Init.
SkillHub.exe: 000009B8: 01:48:44 [TUniServerModule]:Start Path = C:\Desenvolvimento\DelphiFullStack_1_0\SkillHub\Frontend-WebUnigui\assets\
SkillHub.exe: 000009B8: 01:48:45 [TUniServerModule]:Debug Mode = ON
SkillHub.exe: 000009B8: 01:48:45 [TUniGUISessionManager]:Cache erase job created, Folder count: [1]
SkillHub.exe: 000009B8: 01:48:45 [TUniServerModule]:Starting HTTP Server on Port: 8077...
SkillHub.exe: 000009B8: 01:48:45 [TUniServerModule]:HTTP Server Started on Port: 8077
SkillHub.exe: 00001E5C: 01:54:39 [127.0.0.1]:EUniSessionException : Invalid session or session Timeout. (Session not found: 8WW1EESGPG10E659C1D ) : Addr: $00C137A1
SkillHub.exe: 00002D40: 01:54:52 [127.0.0.1]:Exception : Informar o E-mail do usuário para logar! : Addr: $00FF0F30
SkillHub.exe: 00003018: 01:55:57 []:>--------------------------------------------------------------<
SkillHub.exe: 00003018: 01:55:57 [TUniServerModule]:Server First Init.
SkillHub.exe: 00003018: 01:55:58 [TUniServerModule]:Start Path = C:\Desenvolvimento\DelphiFullStack_1_0\SkillHub\Frontend-WebUnigui\assets\
SkillHub.exe: 00003018: 01:55:58 [TUniServerModule]:Debug Mode = ON
SkillHub.exe: 00003018: 01:55:58 [TUniGUISessionManager]:Cache erase job created, Folder count: [1]
SkillHub.exe: 00003018: 01:55:58 [TUniServerModule]:Starting HTTP Server on Port: 8077...
SkillHub.exe: 00003018: 01:55:58 [TUniServerModule]:HTTP Server Started on Port: 8077
SkillHub.exe: 00002F28: 01:56:00 [127.0.0.1]:EUniSessionException : Invalid session or session Timeout. (Session not found: h5DCreVKrH10E659E3F ) : Addr: $012537A1
SkillHub.exe: 000029D8: 01:56:29 [127.0.0.1]:Exception : Informar o E-mail do usuário para logar! : Addr: $01630F30
SkillHub.exe: 00001D08: 01:59:22 []:>--------------------------------------------------------------<
SkillHub.exe: 00001D08: 01:59:22 [TUniServerModule]:Server First Init.
SkillHub.exe: 00001D08: 01:59:22 [TUniServerModule]:Start Path = C:\Desenvolvimento\DelphiFullStack_1_0\SkillHub\Frontend-WebUnigui\assets\
SkillHub.exe: 00001D08: 01:59:22 [TUniServerModule]:Debug Mode = ON
SkillHub.exe: 00001D08: 01:59:22 [TUniGUISessionManager]:Cache erase job created, Folder count: [1]
SkillHub.exe: 00001D08: 01:59:23 [TUniServerModule]:Starting HTTP Server on Port: 8077...
SkillHub.exe: 00001D08: 01:59:24 [TUniServerModule]:HTTP Server Started on Port: 8077
SkillHub.exe: 00001C34: 01:59:33 [127.0.0.1]:EUniSessionException : Invalid session or session Timeout. (Session not found: 4L4ZhGSGox10E659EAD ) : Addr: $00E937A1
