SkillHub.exe: 0000263C: 22:23:27 []:>--------------------------------------------------------------<
SkillHub.exe: 0000263C: 22:23:27 [TUniServerModule]:Server First Init.
SkillHub.exe: 0000263C: 22:23:27 [TUniServerModule]:Start Path = C:\Desenvolvimento\DelphiFullStack_1_0\SkillHub\Frontend-WebUnigui\assets\
SkillHub.exe: 0000263C: 22:23:27 [TUniServerModule]:Debug Mode = ON
SkillHub.exe: 0000263C: 22:23:28 [TUniServerModule]:Starting HTTP Server on Port: 8077...
SkillHub.exe: 0000263C: 22:23:28 [TUniServerModule]:HTTP Server Started on Port: 8077
SkillHub.exe: 00002634: 22:33:17 []:>--------------------------------------------------------------<
SkillHub.exe: 00002634: 22:33:17 [TUniServerModule]:Server First Init.
SkillHub.exe: 00002634: 22:33:17 [TUniServerModule]:Start Path = C:\Desenvolvimento\DelphiFullStack_1_0\SkillHub\Frontend-WebUnigui\assets\
SkillHub.exe: 00002634: 22:33:17 [TUniServerModule]:Debug Mode = ON
SkillHub.exe: 00002634: 22:33:17 [TUniGUISessionManager]:Cache erase job created, Folder count: [1]
SkillHub.exe: 00002634: 22:33:18 [TUniServerModule]:Starting HTTP Server on Port: 8077...
SkillHub.exe: 00002634: 22:33:18 [TUniServerModule]:HTTP Server Started on Port: 8077
SkillHub.exe: 00000E4C: 22:33:24 [127.0.0.1]:EUniSessionException : Invalid session or session Timeout. (Session not found: LO9CjVjUMR10EA8887D ) : Addr: $00703BD1
SkillHub.exe: 00000EC8: 22:33:25 [127.0.0.1]:EUniSessionException : Invalid session or session Timeout. (Session not found: LO9CjVjUMR10EA8887D ) : Addr: $00703BD1
SkillHub.exe: 00000454: 22:36:09 []:>--------------------------------------------------------------<
SkillHub.exe: 00000454: 22:36:09 [TUniServerModule]:Server First Init.
SkillHub.exe: 00000454: 22:36:09 [TUniServerModule]:Start Path = C:\Desenvolvimento\DelphiFullStack_1_0\SkillHub\Frontend-WebUnigui\assets\
SkillHub.exe: 00000454: 22:36:10 [TUniServerModule]:Debug Mode = ON
SkillHub.exe: 00000454: 22:36:10 [TUniGUISessionManager]:Cache erase job created, Folder count: [1]
SkillHub.exe: 00000454: 22:36:10 [TUniServerModule]:Starting HTTP Server on Port: 8077...
SkillHub.exe: 00000454: 22:36:10 [TUniServerModule]:HTTP Server Started on Port: 8077
SkillHub.exe: 00000600: 22:36:26 [127.0.0.1]:EUniSessionException : Invalid session or session Timeout. (Session not found: 26JDciKdmz10EA88B2A ) : Addr: $012E3BD1
SkillHub.exe: 00001018: 23:15:26 []:>--------------------------------------------------------------<
SkillHub.exe: 00001018: 23:15:26 [TUniServerModule]:Server First Init.
SkillHub.exe: 00001018: 23:15:26 [TUniServerModule]:Start Path = C:\Desenvolvimento\DelphiFullStack_1_0\SkillHub\Frontend-WebUnigui\assets\
SkillHub.exe: 00001018: 23:15:26 [TUniServerModule]:Debug Mode = ON
SkillHub.exe: 00001018: 23:15:26 [TUniGUISessionManager]:Cache erase job created, Folder count: [1]
SkillHub.exe: 00001018: 23:15:27 [TUniServerModule]:Starting HTTP Server on Port: 8077...
SkillHub.exe: 00001018: 23:15:27 [TUniServerModule]:HTTP Server Started on Port: 8077
SkillHub.exe: 00002620: 23:15:28 [127.0.0.1]:EUniSessionException : Invalid session or session Timeout. (Session not found: deYnAuYIC810EA88BF6 ) : Addr: $00EC3BD1
SkillHub.exe: 00001014: 23:15:28 [127.0.0.1]:EUniSessionException : Invalid session or session Timeout. (Session not found: deYnAuYIC810EA88BF6 ) : Addr: $00EC3BD1
SkillHub.exe: 00001C30: 23:23:37 []:>--------------------------------------------------------------<
SkillHub.exe: 00001C30: 23:23:37 [TUniServerModule]:Server First Init.
SkillHub.exe: 00001C30: 23:23:37 [TUniServerModule]:Start Path = C:\Desenvolvimento\DelphiFullStack_1_0\SkillHub\Frontend-WebUnigui\assets\
SkillHub.exe: 00001C30: 23:23:37 [TUniServerModule]:Debug Mode = ON
SkillHub.exe: 00001C30: 23:23:37 [TUniGUISessionManager]:Cache erase job created, Folder count: [1]
SkillHub.exe: 00001C30: 23:23:38 [TUniServerModule]:Starting HTTP Server on Port: 8077...
SkillHub.exe: 00001C30: 23:23:39 [TUniServerModule]:HTTP Server Started on Port: 8077
SkillHub.exe: 00001990: 23:23:56 [127.0.0.1]:EUniSessionException : Invalid session or session Timeout. (Session not found: sOSN1eBb9610EA8969C ) : Addr: $00D33BD1
SkillHub.exe: 000009A0: 23:28:02 []:>--------------------------------------------------------------<
SkillHub.exe: 000009A0: 23:28:02 [TUniServerModule]:Server First Init.
SkillHub.exe: 000009A0: 23:28:02 [TUniServerModule]:Start Path = C:\Desenvolvimento\DelphiFullStack_1_0\SkillHub\Frontend-WebUnigui\assets\
SkillHub.exe: 000009A0: 23:28:02 [TUniServerModule]:Debug Mode = ON
SkillHub.exe: 000009A0: 23:28:49 [TUniServerModule]:Starting HTTP Server on Port: 8077...
SkillHub.exe: 000009A0: 23:28:52 [TUniServerModule]:HTTP Server Started on Port: 8077
SkillHub.exe: 0000229C: 23:29:32 []:>--------------------------------------------------------------<
SkillHub.exe: 0000229C: 23:29:32 [TUniServerModule]:Server First Init.
SkillHub.exe: 0000229C: 23:29:32 [TUniServerModule]:Start Path = C:\Desenvolvimento\DelphiFullStack_1_0\SkillHub\Frontend-WebUnigui\assets\
SkillHub.exe: 0000229C: 23:29:33 [TUniServerModule]:Debug Mode = ON
SkillHub.exe: 0000229C: 23:29:33 [TUniGUISessionManager]:Cache erase job created, Folder count: [1]
SkillHub.exe: 0000229C: 23:29:33 [TUniServerModule]:Starting HTTP Server on Port: 8077...
SkillHub.exe: 0000229C: 23:29:34 [TUniServerModule]:HTTP Server Started on Port: 8077
SkillHub.exe: 00002760: 23:33:48 []:>--------------------------------------------------------------<
SkillHub.exe: 00002760: 23:33:48 [TUniServerModule]:Server First Init.
SkillHub.exe: 00002760: 23:33:48 [TUniServerModule]:Start Path = C:\Desenvolvimento\DelphiFullStack_1_0\SkillHub\Frontend-WebUnigui\assets\
SkillHub.exe: 00002760: 23:33:48 [TUniServerModule]:Debug Mode = ON
SkillHub.exe: 00002760: 23:33:48 [TUniGUISessionManager]:Cache erase job created, Folder count: [1]
SkillHub.exe: 00002760: 23:33:49 [TUniServerModule]:Starting HTTP Server on Port: 8077...
SkillHub.exe: 00002760: 23:33:49 [TUniServerModule]:HTTP Server Started on Port: 8077
SkillHub.exe: 00000304: 23:34:20 [127.0.0.1]:EUniSessionException : Invalid session or session Timeout. (Session not found: 6xlMrYEF6m10EA89A68 ) : Addr: $01353BD1
